<?xml version="1.0" encoding="UTF-8"?>
<coverage generated="1578062977">
  <project timestamp="1578062977">
    <package name="App\Infrastructure\Domain">
      <file name="/Users/szymon.ciompala/employee_managment/src/Infrastructure/Domain/AggregateRoot.php">
        <class name="App\Infrastructure\Domain\AggregateRoot" namespace="App\Infrastructure\Domain">
          <metrics complexity="3" methods="3" coveredmethods="3" conditionals="0" coveredconditionals="0" statements="5" coveredstatements="5" elements="8" coveredelements="8"/>
        </class>
        <line num="13" type="method" name="record" visibility="public" complexity="1" crap="1" count="3"/>
        <line num="15" type="stmt" count="3"/>
        <line num="16" type="stmt" count="3"/>
        <line num="18" type="method" name="commitEvents" visibility="public" complexity="1" crap="1" count="1"/>
        <line num="20" type="stmt" count="1"/>
        <line num="21" type="stmt" count="1"/>
        <line num="23" type="method" name="getUncommittedEvents" visibility="public" complexity="1" crap="1" count="3"/>
        <line num="25" type="stmt" count="3"/>
        <metrics loc="26" ncloc="26" classes="1" methods="3" coveredmethods="3" conditionals="0" coveredconditionals="0" statements="5" coveredstatements="5" elements="8" coveredelements="8"/>
      </file>
      <file name="/Users/szymon.ciompala/employee_managment/src/Infrastructure/Domain/AggregateRootId.php">
        <class name="App\Infrastructure\Domain\AggregateRootId" namespace="App\Infrastructure\Domain">
          <metrics complexity="0" methods="0" coveredmethods="0" conditionals="0" coveredconditionals="0" statements="0" coveredstatements="0" elements="0" coveredelements="0"/>
        </class>
        <metrics loc="9" ncloc="9" classes="0" methods="0" coveredmethods="0" conditionals="0" coveredconditionals="0" statements="0" coveredstatements="0" elements="0" coveredelements="0"/>
      </file>
      <file name="/Users/szymon.ciompala/employee_managment/src/Infrastructure/Domain/DomainException.php">
        <class name="App\Infrastructure\Domain\DomainException" namespace="App\Infrastructure\Domain">
          <metrics complexity="0" methods="0" coveredmethods="0" conditionals="0" coveredconditionals="0" statements="0" coveredstatements="0" elements="0" coveredelements="0"/>
        </class>
        <metrics loc="10" ncloc="10" classes="0" methods="0" coveredmethods="0" conditionals="0" coveredconditionals="0" statements="0" coveredstatements="0" elements="0" coveredelements="0"/>
      </file>
      <file name="/Users/szymon.ciompala/employee_managment/src/Infrastructure/Domain/EventId.php">
        <class name="App\Infrastructure\Domain\EventId" namespace="App\Infrastructure\Domain">
          <metrics complexity="0" methods="0" coveredmethods="0" conditionals="0" coveredconditionals="0" statements="0" coveredstatements="0" elements="0" coveredelements="0"/>
        </class>
        <metrics loc="10" ncloc="10" classes="0" methods="0" coveredmethods="0" conditionals="0" coveredconditionals="0" statements="0" coveredstatements="0" elements="0" coveredelements="0"/>
      </file>
      <file name="/Users/szymon.ciompala/employee_managment/src/Infrastructure/Domain/Uuid.php">
        <class name="App\Infrastructure\Domain\Uuid" namespace="App\Infrastructure\Domain">
          <metrics complexity="3" methods="0" coveredmethods="0" conditionals="0" coveredconditionals="0" statements="0" coveredstatements="0" elements="0" coveredelements="0"/>
        </class>
        <metrics loc="30" ncloc="27" classes="0" methods="0" coveredmethods="0" conditionals="0" coveredconditionals="0" statements="0" coveredstatements="0" elements="0" coveredelements="0"/>
      </file>
    </package>
    <package name="App\Infrastructure\Domain\Assertion">
      <file name="/Users/szymon.ciompala/employee_managment/src/Infrastructure/Domain/Assertion/Assertion.php">
        <class name="App\Infrastructure\Domain\Assertion\Assertion" namespace="App\Infrastructure\Domain\Assertion">
          <metrics complexity="0" methods="0" coveredmethods="0" conditionals="0" coveredconditionals="0" statements="0" coveredstatements="0" elements="0" coveredelements="0"/>
        </class>
        <metrics loc="14" ncloc="11" classes="0" methods="0" coveredmethods="0" conditionals="0" coveredconditionals="0" statements="0" coveredstatements="0" elements="0" coveredelements="0"/>
      </file>
    </package>
    <file name="/Users/szymon.ciompala/employee_managment/src/Infrastructure/Domain/Event.php">
      <metrics loc="11" ncloc="8" classes="0" methods="0" coveredmethods="0" conditionals="0" coveredconditionals="0" statements="0" coveredstatements="0" elements="0" coveredelements="0"/>
    </file>
    <file name="/Users/szymon.ciompala/employee_managment/src/Infrastructure/Domain/EventDispatcher.php">
      <metrics loc="10" ncloc="10" classes="0" methods="0" coveredmethods="0" conditionals="0" coveredconditionals="0" statements="0" coveredstatements="0" elements="0" coveredelements="0"/>
    </file>
    <package name="App\Infrastructure\Infrastructure">
      <file name="/Users/szymon.ciompala/employee_managment/src/Infrastructure/Infrastructure/InMemoryEventDispatcher.php">
        <class name="App\Infrastructure\Infrastructure\InMemoryEventDispatcher" namespace="App\Infrastructure\Infrastructure">
          <metrics complexity="2" methods="2" coveredmethods="2" conditionals="0" coveredconditionals="0" statements="3" coveredstatements="3" elements="5" coveredelements="5"/>
        </class>
        <line num="15" type="method" name="dispatch" visibility="public" complexity="1" crap="1" count="1"/>
        <line num="17" type="stmt" count="1"/>
        <line num="18" type="stmt" count="1"/>
        <line num="20" type="method" name="getEvents" visibility="public" complexity="1" crap="1" count="1"/>
        <line num="22" type="stmt" count="1"/>
        <metrics loc="23" ncloc="23" classes="1" methods="2" coveredmethods="2" conditionals="0" coveredconditionals="0" statements="3" coveredstatements="3" elements="5" coveredelements="5"/>
      </file>
      <file name="/Users/szymon.ciompala/employee_managment/src/Infrastructure/Infrastructure/InMemoryRepository.php">
        <class name="App\Infrastructure\Infrastructure\InMemoryRepository" namespace="App\Infrastructure\Infrastructure">
          <metrics complexity="4" methods="3" coveredmethods="3" conditionals="0" coveredconditionals="0" statements="9" coveredstatements="9" elements="12" coveredelements="12"/>
        </class>
        <line num="18" type="method" name="__construct" visibility="public" complexity="1" crap="1" count="1"/>
        <line num="20" type="stmt" count="1"/>
        <line num="21" type="stmt" count="1"/>
        <line num="22" type="stmt" count="1"/>
        <line num="24" type="method" name="save" visibility="public" complexity="2" crap="2" count="1"/>
        <line num="26" type="stmt" count="1"/>
        <line num="27" type="stmt" count="1"/>
        <line num="29" type="stmt" count="1"/>
        <line num="31" type="method" name="apply" visibility="public" complexity="1" crap="1" count="1"/>
        <line num="33" type="stmt" count="1"/>
        <line num="34" type="stmt" count="1"/>
        <line num="35" type="stmt" count="1"/>
        <metrics loc="35" ncloc="35" classes="1" methods="3" coveredmethods="3" conditionals="0" coveredconditionals="0" statements="9" coveredstatements="9" elements="12" coveredelements="12"/>
      </file>
    </package>
    <package name="App\Infrastructure\tests">
      <file name="/Users/szymon.ciompala/employee_managment/src/Infrastructure/tests/AggregateRootIdTest.php">
        <class name="App\Infrastructure\tests\AggregateRootIdTest" namespace="App\Infrastructure\tests">
          <metrics complexity="1" methods="1" coveredmethods="0" conditionals="0" coveredconditionals="0" statements="4" coveredstatements="0" elements="5" coveredelements="0"/>
        </class>
        <line num="14" type="method" name="testItCreateId" visibility="public" complexity="1" crap="2" count="0"/>
        <line num="15" type="stmt" count="0"/>
        <line num="16" type="stmt" count="0"/>
        <line num="17" type="stmt" count="0"/>
        <line num="18" type="stmt" count="0"/>
        <metrics loc="18" ncloc="18" classes="1" methods="1" coveredmethods="0" conditionals="0" coveredconditionals="0" statements="4" coveredstatements="0" elements="5" coveredelements="0"/>
      </file>
      <file name="/Users/szymon.ciompala/employee_managment/src/Infrastructure/tests/EventIdTest.php">
        <class name="App\Infrastructure\tests\EventIdTest" namespace="App\Infrastructure\tests">
          <metrics complexity="1" methods="1" coveredmethods="0" conditionals="0" coveredconditionals="0" statements="4" coveredstatements="0" elements="5" coveredelements="0"/>
        </class>
        <line num="15" type="method" name="testItCreateId" visibility="public" complexity="1" crap="2" count="0"/>
        <line num="16" type="stmt" count="0"/>
        <line num="17" type="stmt" count="0"/>
        <line num="18" type="stmt" count="0"/>
        <line num="19" type="stmt" count="0"/>
        <metrics loc="19" ncloc="19" classes="1" methods="1" coveredmethods="0" conditionals="0" coveredconditionals="0" statements="4" coveredstatements="0" elements="5" coveredelements="0"/>
      </file>
    </package>
    <package name="App\module\Employee\Application">
      <file name="/Users/szymon.ciompala/employee_managment/src/module/Employee/Application/CreateEmployeeService.php">
        <class name="App\module\Employee\Application\CreateEmployeeService" namespace="App\module\Employee\Application">
          <metrics complexity="2" methods="2" coveredmethods="2" conditionals="0" coveredconditionals="0" statements="9" coveredstatements="9" elements="11" coveredelements="11"/>
        </class>
        <line num="17" type="method" name="__construct" visibility="public" complexity="1" crap="1" count="1"/>
        <line num="19" type="stmt" count="1"/>
        <line num="20" type="stmt" count="1"/>
        <line num="22" type="method" name="create" visibility="public" complexity="1" crap="1" count="1"/>
        <line num="30" type="stmt" count="1"/>
        <line num="31" type="stmt" count="1"/>
        <line num="32" type="stmt" count="1"/>
        <line num="33" type="stmt" count="1"/>
        <line num="35" type="stmt" count="1"/>
        <line num="36" type="stmt" count="1"/>
        <line num="37" type="stmt" count="1"/>
        <metrics loc="37" ncloc="37" classes="1" methods="2" coveredmethods="2" conditionals="0" coveredconditionals="0" statements="9" coveredstatements="9" elements="11" coveredelements="11"/>
      </file>
    </package>
    <package name="App\module\Employee\Domain">
      <file name="/Users/szymon.ciompala/employee_managment/src/module/Employee/Domain/Employee.php">
        <class name="App\module\Employee\Domain\Employee" namespace="App\module\Employee\Domain">
          <metrics complexity="4" methods="4" coveredmethods="3" conditionals="0" coveredconditionals="0" statements="20" coveredstatements="15" elements="24" coveredelements="18"/>
        </class>
        <line num="33" type="method" name="__construct" visibility="private" complexity="1" crap="1" count="3"/>
        <line num="39" type="stmt" count="3"/>
        <line num="40" type="stmt" count="3"/>
        <line num="41" type="stmt" count="3"/>
        <line num="42" type="stmt" count="3"/>
        <line num="43" type="stmt" count="3"/>
        <line num="45" type="method" name="create" visibility="public" complexity="1" crap="1" count="3"/>
        <line num="51" type="stmt" count="3"/>
        <line num="52" type="stmt" count="3"/>
        <line num="56" type="stmt" count="3"/>
        <line num="57" type="stmt" count="3"/>
        <line num="62" type="stmt" count="3"/>
        <line num="65" type="method" name="sale" visibility="public" complexity="1" crap="1" count="1"/>
        <line num="67" type="stmt" count="1"/>
        <line num="68" type="stmt" count="1"/>
        <line num="69" type="stmt" count="1"/>
        <line num="70" type="stmt" count="1"/>
        <line num="73" type="stmt" count="1"/>
        <line num="75" type="method" name="workedByDay" visibility="public" complexity="1" crap="2" count="0"/>
        <line num="77" type="stmt" count="0"/>
        <line num="78" type="stmt" count="0"/>
        <line num="79" type="stmt" count="0"/>
        <line num="80" type="stmt" count="0"/>
        <line num="83" type="stmt" count="0"/>
        <metrics loc="83" ncloc="83" classes="1" methods="4" coveredmethods="3" conditionals="0" coveredconditionals="0" statements="20" coveredstatements="15" elements="24" coveredelements="18"/>
      </file>
      <file name="/Users/szymon.ciompala/employee_managment/src/module/Employee/tests/Domain/EmployeeTest.php">
        <class name="App\module\Employee\Domain\EmployeeTest" namespace="App\module\Employee\Domain">
          <metrics complexity="2" methods="0" coveredmethods="0" conditionals="0" coveredconditionals="0" statements="0" coveredstatements="0" elements="0" coveredelements="0"/>
        </class>
        <metrics loc="42" ncloc="39" classes="0" methods="0" coveredmethods="0" conditionals="0" coveredconditionals="0" statements="0" coveredstatements="0" elements="0" coveredelements="0"/>
      </file>
    </package>
    <file name="/Users/szymon.ciompala/employee_managment/src/module/Employee/Domain/EmployeeRepositoryInterface.php">
      <metrics loc="10" ncloc="10" classes="0" methods="0" coveredmethods="0" conditionals="0" coveredconditionals="0" statements="0" coveredstatements="0" elements="0" coveredelements="0"/>
    </file>
    <package name="App\module\Employee\Domain\Entity">
      <file name="/Users/szymon.ciompala/employee_managment/src/module/Employee/Domain/Entity/WorkedDay.php">
        <class name="App\module\Employee\Domain\Entity\WorkedDay" namespace="App\module\Employee\Domain\Entity">
          <metrics complexity="2" methods="2" coveredmethods="0" conditionals="0" coveredconditionals="0" statements="12" coveredstatements="0" elements="14" coveredelements="0"/>
        </class>
        <line num="18" type="method" name="__construct" visibility="private" complexity="1" crap="2" count="0"/>
        <line num="19" type="stmt" count="0"/>
        <line num="20" type="stmt" count="0"/>
        <line num="21" type="stmt" count="0"/>
        <line num="22" type="stmt" count="0"/>
        <line num="23" type="stmt" count="0"/>
        <line num="24" type="stmt" count="0"/>
        <line num="25" type="stmt" count="0"/>
        <line num="26" type="stmt" count="0"/>
        <line num="27" type="stmt" count="0"/>
        <line num="29" type="method" name="create" visibility="public" complexity="1" crap="2" count="0"/>
        <line num="30" type="stmt" count="0"/>
        <line num="31" type="stmt" count="0"/>
        <line num="32" type="stmt" count="0"/>
        <metrics loc="32" ncloc="32" classes="1" methods="2" coveredmethods="0" conditionals="0" coveredconditionals="0" statements="12" coveredstatements="0" elements="14" coveredelements="0"/>
      </file>
    </package>
    <package name="App\module\Employee\Domain\Event">
      <file name="/Users/szymon.ciompala/employee_managment/src/module/Employee/Domain/Event/EmployeeWasCreatedEvent.php">
        <class name="App\module\Employee\Domain\Event\EmployeeWasCreatedEvent" namespace="App\module\Employee\Domain\Event">
          <metrics complexity="6" methods="0" coveredmethods="0" conditionals="0" coveredconditionals="0" statements="0" coveredstatements="0" elements="0" coveredelements="0"/>
        </class>
        <metrics loc="63" ncloc="60" classes="0" methods="0" coveredmethods="0" conditionals="0" coveredconditionals="0" statements="0" coveredstatements="0" elements="0" coveredelements="0"/>
      </file>
      <file name="/Users/szymon.ciompala/employee_managment/src/module/Employee/Domain/Event/EmployeeWasSaleItemEvent.php">
        <class name="App\module\Employee\Domain\Event\EmployeeWasSaleItemEvent" namespace="App\module\Employee\Domain\Event">
          <metrics complexity="4" methods="0" coveredmethods="0" conditionals="0" coveredconditionals="0" statements="0" coveredstatements="0" elements="0" coveredelements="0"/>
        </class>
        <metrics loc="43" ncloc="40" classes="0" methods="0" coveredmethods="0" conditionals="0" coveredconditionals="0" statements="0" coveredstatements="0" elements="0" coveredelements="0"/>
      </file>
      <file name="/Users/szymon.ciompala/employee_managment/src/module/Employee/Domain/Event/EmployeeWasWorkedDayEvent.php">
        <class name="App\module\Employee\Domain\Event\EmployeeWasWorkedDayEvent" namespace="App\module\Employee\Domain\Event">
          <metrics complexity="4" methods="0" coveredmethods="0" conditionals="0" coveredconditionals="0" statements="0" coveredstatements="0" elements="0" coveredelements="0"/>
        </class>
        <metrics loc="43" ncloc="40" classes="0" methods="0" coveredmethods="0" conditionals="0" coveredconditionals="0" statements="0" coveredstatements="0" elements="0" coveredelements="0"/>
      </file>
    </package>
    <package name="App\module\Employee\Domain\ValueObject">
      <file name="/Users/szymon.ciompala/employee_managment/src/module/Employee/Domain/ValueObject/Commission.php">
        <class name="App\module\Employee\Domain\ValueObject\Commission" namespace="App\module\Employee\Domain\ValueObject">
          <metrics complexity="3" methods="3" coveredmethods="3" conditionals="0" coveredconditionals="0" statements="5" coveredstatements="5" elements="8" coveredelements="8"/>
        </class>
        <line num="13" type="method" name="__construct" visibility="private" complexity="1" crap="1" count="2"/>
        <line num="15" type="stmt" count="2"/>
        <line num="16" type="stmt" count="2"/>
        <line num="18" type="method" name="createFromFloat" visibility="public" complexity="1" crap="1" count="3"/>
        <line num="20" type="stmt" count="3"/>
        <line num="22" type="stmt" count="2"/>
        <line num="25" type="method" name="getCommission" visibility="public" complexity="1" crap="1" count="1"/>
        <line num="27" type="stmt" count="1"/>
        <metrics loc="28" ncloc="28" classes="1" methods="3" coveredmethods="3" conditionals="0" coveredconditionals="0" statements="5" coveredstatements="5" elements="8" coveredelements="8"/>
      </file>
      <file name="/Users/szymon.ciompala/employee_managment/src/module/Employee/Domain/ValueObject/PersonalData.php">
        <class name="App\module\Employee\Domain\ValueObject\PersonalData" namespace="App\module\Employee\Domain\ValueObject">
          <metrics complexity="5" methods="5" coveredmethods="5" conditionals="0" coveredconditionals="0" statements="11" coveredstatements="11" elements="16" coveredelements="16"/>
        </class>
        <line num="17" type="method" name="__construct" visibility="private" complexity="1" crap="1" count="4"/>
        <line num="19" type="stmt" count="4"/>
        <line num="20" type="stmt" count="4"/>
        <line num="21" type="stmt" count="4"/>
        <line num="22" type="stmt" count="4"/>
        <line num="24" type="method" name="createFromString" visibility="public" complexity="1" crap="1" count="5"/>
        <line num="26" type="stmt" count="5"/>
        <line num="27" type="stmt" count="4"/>
        <line num="28" type="stmt" count="4"/>
        <line num="30" type="stmt" count="4"/>
        <line num="33" type="method" name="getFirstName" visibility="public" complexity="1" crap="1" count="1"/>
        <line num="35" type="stmt" count="1"/>
        <line num="38" type="method" name="getLastName" visibility="public" complexity="1" crap="1" count="1"/>
        <line num="40" type="stmt" count="1"/>
        <line num="43" type="method" name="getAddress" visibility="public" complexity="1" crap="1" count="1"/>
        <line num="45" type="stmt" count="1"/>
        <metrics loc="46" ncloc="46" classes="1" methods="5" coveredmethods="5" conditionals="0" coveredconditionals="0" statements="11" coveredstatements="11" elements="16" coveredelements="16"/>
      </file>
      <file name="/Users/szymon.ciompala/employee_managment/src/module/Employee/Domain/ValueObject/RemunerationCalculationWay.php">
        <class name="App\module\Employee\Domain\ValueObject\RemunerationCalculationWay" namespace="App\module\Employee\Domain\ValueObject">
          <metrics complexity="0" methods="0" coveredmethods="0" conditionals="0" coveredconditionals="0" statements="0" coveredstatements="0" elements="0" coveredelements="0"/>
        </class>
        <metrics loc="18" ncloc="13" classes="0" methods="0" coveredmethods="0" conditionals="0" coveredconditionals="0" statements="0" coveredstatements="0" elements="0" coveredelements="0"/>
      </file>
      <file name="/Users/szymon.ciompala/employee_managment/src/module/Employee/Domain/ValueObject/Salary.php">
        <class name="App\module\Employee\Domain\ValueObject\Salary" namespace="App\module\Employee\Domain\ValueObject">
          <metrics complexity="3" methods="3" coveredmethods="3" conditionals="0" coveredconditionals="0" statements="5" coveredstatements="5" elements="8" coveredelements="8"/>
        </class>
        <line num="14" type="method" name="__construct" visibility="private" complexity="1" crap="1" count="4"/>
        <line num="16" type="stmt" count="4"/>
        <line num="17" type="stmt" count="4"/>
        <line num="19" type="method" name="createFromFloat" visibility="public" complexity="1" crap="1" count="5"/>
        <line num="21" type="stmt" count="5"/>
        <line num="22" type="stmt" count="4"/>
        <line num="25" type="method" name="getAmount" visibility="public" complexity="1" crap="1" count="1"/>
        <line num="27" type="stmt" count="1"/>
        <metrics loc="28" ncloc="28" classes="1" methods="3" coveredmethods="3" conditionals="0" coveredconditionals="0" statements="5" coveredstatements="5" elements="8" coveredelements="8"/>
      </file>
    </package>
    <package name="App\module\Employee\Infrastructure\Repository">
      <file name="/Users/szymon.ciompala/employee_managment/src/module/Employee/Infrastructure/Repository/InMemoryEmployeeRepository.php">
        <class name="App\module\Employee\Infrastructure\Repository\InMemoryEmployeeRepository" namespace="App\module\Employee\Infrastructure\Repository">
          <metrics complexity="0" methods="0" coveredmethods="0" conditionals="0" coveredconditionals="0" statements="0" coveredstatements="0" elements="0" coveredelements="0"/>
        </class>
        <metrics loc="13" ncloc="13" classes="0" methods="0" coveredmethods="0" conditionals="0" coveredconditionals="0" statements="0" coveredstatements="0" elements="0" coveredelements="0"/>
      </file>
    </package>
    <package name="App\module\Employee\tests\Application">
      <file name="/Users/szymon.ciompala/employee_managment/src/module/Employee/tests/Application/CreateEmployeeServiceTest.php">
        <class name="App\module\Employee\tests\Application\CreateEmployeeServiceTest" namespace="App\module\Employee\tests\Application">
          <metrics complexity="2" methods="2" coveredmethods="2" conditionals="0" coveredconditionals="0" statements="8" coveredstatements="8" elements="10" coveredelements="10"/>
        </class>
        <line num="19" type="method" name="testItCreateEmployee" visibility="public" complexity="1" crap="1" count="1"/>
        <line num="21" type="stmt" count="1"/>
        <line num="22" type="stmt" count="1"/>
        <line num="23" type="stmt" count="1"/>
        <line num="24" type="stmt" count="1"/>
        <line num="25" type="stmt" count="1"/>
        <line num="27" type="method" name="setUp" visibility="protected" complexity="1" crap="1" count="1"/>
        <line num="29" type="stmt" count="1"/>
        <line num="30" type="stmt" count="1"/>
        <line num="31" type="stmt" count="1"/>
        <metrics loc="31" ncloc="31" classes="1" methods="2" coveredmethods="2" conditionals="0" coveredconditionals="0" statements="8" coveredstatements="8" elements="10" coveredelements="10"/>
      </file>
    </package>
    <package name="App\module\Employee\tests\Domain\ValueObject">
      <file name="/Users/szymon.ciompala/employee_managment/src/module/Employee/tests/Domain/ValueObject/CommissionTest.php">
        <class name="App\module\Employee\tests\Domain\ValueObject\CommissionTest" namespace="App\module\Employee\tests\Domain\ValueObject">
          <metrics complexity="2" methods="0" coveredmethods="0" conditionals="0" coveredconditionals="0" statements="0" coveredstatements="0" elements="0" coveredelements="0"/>
        </class>
        <metrics loc="28" ncloc="25" classes="0" methods="0" coveredmethods="0" conditionals="0" coveredconditionals="0" statements="0" coveredstatements="0" elements="0" coveredelements="0"/>
      </file>
      <file name="/Users/szymon.ciompala/employee_managment/src/module/Employee/tests/Domain/ValueObject/PersonalDataTest.php">
        <class name="App\module\Employee\tests\Domain\ValueObject\PersonalDataTest" namespace="App\module\Employee\tests\Domain\ValueObject">
          <metrics complexity="2" methods="0" coveredmethods="0" conditionals="0" coveredconditionals="0" statements="0" coveredstatements="0" elements="0" coveredelements="0"/>
        </class>
        <metrics loc="34" ncloc="31" classes="0" methods="0" coveredmethods="0" conditionals="0" coveredconditionals="0" statements="0" coveredstatements="0" elements="0" coveredelements="0"/>
      </file>
      <file name="/Users/szymon.ciompala/employee_managment/src/module/Employee/tests/Domain/ValueObject/SalaryTest.php">
        <class name="App\module\Employee\tests\Domain\ValueObject\SalaryTest" namespace="App\module\Employee\tests\Domain\ValueObject">
          <metrics complexity="2" methods="0" coveredmethods="0" conditionals="0" coveredconditionals="0" statements="0" coveredstatements="0" elements="0" coveredelements="0"/>
        </class>
        <metrics loc="27" ncloc="24" classes="0" methods="0" coveredmethods="0" conditionals="0" coveredconditionals="0" statements="0" coveredstatements="0" elements="0" coveredelements="0"/>
      </file>
    </package>
    <metrics files="29" loc="821" ncloc="786" classes="12" methods="31" coveredmethods="26" conditionals="0" coveredconditionals="0" statements="95" coveredstatements="70" elements="126" coveredelements="96"/>
  </project>
</coverage>
